<?xml version="1.0" encoding="UTF-8"?>
<coverage generated="1736610778342" clover="3.2.0">
  <project timestamp="1736610778343" name="All files">
    <metrics statements="38" coveredstatements="38" conditionals="7" coveredconditionals="7" methods="4" coveredmethods="4" elements="49" coveredelements="49" complexity="0" loc="38" ncloc="38" packages="1" files="1" classes="1"/>
    <file name="DevOpsThing-Caven - part 3" path="C:\Users\Caven\Documents\DVOPS_Projects\DevOpsThing-Caven - part 3">
      <metrics statements="38" coveredstatements="38" conditionals="7" coveredconditionals="7" methods="4" coveredmethods="4"/>
      <line num="2" count="7" type="stmt"/>
      <line num="3" count="7" type="stmt"/>
      <line num="4" count="7" type="stmt"/>
      <line num="5" count="7" type="stmt"/>
      <line num="6" count="7" type="stmt"/>
      <line num="7" count="7" type="stmt"/>
      <line num="9" count="7" type="cond" truecount="5" falsecount="0"/>
      <line num="10" count="5" type="stmt"/>
      <line num="11" count="5" type="stmt"/>
      <line num="12" count="5" type="stmt"/>
      <line num="16" count="2" type="stmt"/>
      <line num="17" count="2" type="stmt"/>
      <line num="18" count="2" type="stmt"/>
      <line num="19" count="2" type="stmt"/>
      <line num="20" count="2" type="stmt"/>
      <line num="21" count="2" type="stmt"/>
      <line num="22" count="2" type="cond" truecount="2" falsecount="0"/>
      <line num="23" count="1" type="stmt"/>
      <line num="24" count="1" type="stmt"/>
      <line num="25" count="1" type="stmt"/>
      <line num="26" count="1" type="stmt"/>
      <line num="27" count="1" type="stmt"/>
      <line num="28" count="1" type="stmt"/>
      <line num="29" count="1" type="stmt"/>
      <line num="31" count="1" type="stmt"/>
      <line num="32" count="1" type="stmt"/>
      <line num="35" count="2" type="stmt"/>
      <line num="39" count="13" type="stmt"/>
      <line num="40" count="13" type="stmt"/>
      <line num="41" count="13" type="stmt"/>
      <line num="42" count="13" type="stmt"/>
      <line num="43" count="13" type="stmt"/>
      <line num="44" count="13" type="stmt"/>
      <line num="45" count="13" type="stmt"/>
      <line num="46" count="13" type="stmt"/>
      <line num="47" count="740" type="stmt"/>
      <line num="57" count="13" type="stmt"/>
      <line num="59" count="13" type="stmt"/>
    </file>
  </project>
</coverage>
