TN:
SF:
FN:1,createAccount
FN:19,(anonymous_1)
FN:38,viewAccounts
FN:43,(anonymous_3)
FNF:4
FNH:4
FNDA:7,createAccount
FNDA:3,(anonymous_1)
FNDA:13,viewAccounts
FNDA:13,(anonymous_3)
DA:2,7
DA:3,7
DA:4,7
DA:5,7
DA:6,7
DA:7,7
DA:9,7
DA:10,4
DA:11,4
DA:12,4
DA:16,3
DA:17,3
DA:18,3
DA:19,3
DA:20,3
DA:21,3
DA:22,3
DA:23,1
DA:24,1
DA:25,1
DA:26,1
DA:27,1
DA:28,1
DA:29,1
DA:31,2
DA:32,2
DA:35,3
DA:39,13
DA:40,13
DA:41,13
DA:42,13
DA:43,13
DA:44,13
DA:45,13
DA:46,13
DA:47,831
DA:57,13
DA:59,13
LF:38
LH:38
BRDA:9,0,0,4
BRDA:9,0,1,3
BRDA:9,1,0,7
BRDA:9,1,1,5
BRDA:9,1,2,4
BRDA:22,2,0,1
BRDA:22,2,1,2
BRF:7
BRH:7
end_of_record
